SF:lib/features/number_trivia/domain/entities/number_trivia.dart
DA:7,2
DA:9,0
DA:10,0
LF:3
LH:1
end_of_record
SF:lib/features/number_trivia/domain/use_cases/get_concrete_number_trivia.dart
DA:13,1
DA:15,1
DA:17,3
DA:25,1
DA:27,0
DA:28,0
LF:6
LH:4
end_of_record
SF:lib/core/error/failure.dart
DA:6,0
DA:10,0
DA:11,0
LF:3
LH:0
end_of_record
SF:lib/core/use_cases/use_case.dart
DA:11,0
DA:12,0
LF:2
LH:0
end_of_record
SF:lib/features/number_trivia/domain/use_cases/get_random_number_trivia.dart
DA:11,1
DA:13,1
DA:15,2
LF:3
LH:3
end_of_record
